{"name":"hexo","hostname":"localhost","pid":16588,"level":20,"msg":"Hexo version: \u001b[35m3.2.0\u001b[39m","time":"2016-03-18T08:30:41.692Z","v":0}
{"name":"hexo","hostname":"localhost","pid":16588,"level":20,"msg":"Working directory: \u001b[35m~/hiddow/\u001b[39m","time":"2016-03-18T08:30:41.705Z","v":0}
{"name":"hexo","hostname":"localhost","pid":16588,"level":20,"msg":"Config loaded: \u001b[35m~/hiddow/_config.yml\u001b[39m","time":"2016-03-18T08:30:41.760Z","v":0}
{"name":"hexo","hostname":"localhost","pid":16588,"level":20,"msg":"Plugin loaded: \u001b[35mhexo-generator-archive\u001b[39m","time":"2016-03-18T08:30:41.770Z","v":0}
{"name":"hexo","hostname":"localhost","pid":16588,"level":20,"msg":"Plugin loaded: \u001b[35mhexo-generator-tag\u001b[39m","time":"2016-03-18T08:30:41.772Z","v":0}
{"name":"hexo","hostname":"localhost","pid":16588,"level":20,"msg":"Plugin loaded: \u001b[35mhexo-deployer-git\u001b[39m","time":"2016-03-18T08:30:41.903Z","v":0}
{"name":"hexo","hostname":"localhost","pid":16588,"level":20,"msg":"Plugin loaded: \u001b[35mhexo-generator-index\u001b[39m","time":"2016-03-18T08:30:41.904Z","v":0}
{"name":"hexo","hostname":"localhost","pid":16588,"level":20,"msg":"Plugin loaded: \u001b[35mhexo-generator-category\u001b[39m","time":"2016-03-18T08:30:41.905Z","v":0}
{"name":"hexo","hostname":"localhost","pid":16588,"level":20,"msg":"Plugin loaded: \u001b[35mhexo-renderer-ejs\u001b[39m","time":"2016-03-18T08:30:41.908Z","v":0}
{"name":"hexo","hostname":"localhost","pid":16588,"level":20,"msg":"Plugin loaded: \u001b[35mhexo-renderer-marked\u001b[39m","time":"2016-03-18T08:30:41.965Z","v":0}
{"name":"hexo","hostname":"localhost","pid":16588,"level":20,"msg":"Plugin loaded: \u001b[35mhexo-renderer-stylus\u001b[39m","time":"2016-03-18T08:30:41.966Z","v":0}
{"name":"hexo","hostname":"localhost","pid":16588,"level":20,"msg":"Plugin loaded: \u001b[35mhexo-server\u001b[39m","time":"2016-03-18T08:30:42.036Z","v":0}
{"name":"hexo","hostname":"localhost","pid":16588,"level":20,"msg":"Script loaded: \u001b[35mthemes/next/scripts/merge-configs.js\u001b[39m","time":"2016-03-18T08:30:42.037Z","v":0}
{"name":"hexo","hostname":"localhost","pid":16588,"level":20,"msg":"Script loaded: \u001b[35mthemes/next/scripts/tags/center-quote.js\u001b[39m","time":"2016-03-18T08:30:42.037Z","v":0}
{"name":"hexo","hostname":"localhost","pid":16588,"level":20,"msg":"Script loaded: \u001b[35mthemes/next/scripts/tags/full-image.js\u001b[39m","time":"2016-03-18T08:30:42.038Z","v":0}
{"name":"hexo","hostname":"localhost","pid":16588,"level":20,"msg":"Script loaded: \u001b[35mthemes/next/scripts/tags/group-pictures.js\u001b[39m","time":"2016-03-18T08:30:42.038Z","v":0}
{"name":"hexo","hostname":"localhost","pid":16588,"level":20,"msg":"Database saved","time":"2016-03-18T08:30:42.042Z","v":0}
{"name":"hexo","hostname":"localhost","pid":16590,"level":20,"msg":"Hexo version: \u001b[35m3.2.0\u001b[39m","time":"2016-03-18T08:31:09.954Z","v":0}
{"name":"hexo","hostname":"localhost","pid":16590,"level":20,"msg":"Working directory: \u001b[35m~/hiddow/\u001b[39m","time":"2016-03-18T08:31:09.956Z","v":0}
{"name":"hexo","hostname":"localhost","pid":16590,"level":20,"msg":"Config loaded: \u001b[35m~/hiddow/_config.yml\u001b[39m","time":"2016-03-18T08:31:10.011Z","v":0}
{"name":"hexo","hostname":"localhost","pid":16590,"level":20,"msg":"Plugin loaded: \u001b[35mhexo-generator-archive\u001b[39m","time":"2016-03-18T08:31:10.022Z","v":0}
{"name":"hexo","hostname":"localhost","pid":16590,"level":20,"msg":"Plugin loaded: \u001b[35mhexo-deployer-git\u001b[39m","time":"2016-03-18T08:31:10.157Z","v":0}
{"name":"hexo","hostname":"localhost","pid":16590,"level":20,"msg":"Plugin loaded: \u001b[35mhexo-generator-category\u001b[39m","time":"2016-03-18T08:31:10.159Z","v":0}
{"name":"hexo","hostname":"localhost","pid":16590,"level":20,"msg":"Plugin loaded: \u001b[35mhexo-generator-index\u001b[39m","time":"2016-03-18T08:31:10.160Z","v":0}
{"name":"hexo","hostname":"localhost","pid":16590,"level":20,"msg":"Plugin loaded: \u001b[35mhexo-generator-tag\u001b[39m","time":"2016-03-18T08:31:10.162Z","v":0}
{"name":"hexo","hostname":"localhost","pid":16590,"level":20,"msg":"Plugin loaded: \u001b[35mhexo-renderer-ejs\u001b[39m","time":"2016-03-18T08:31:10.166Z","v":0}
{"name":"hexo","hostname":"localhost","pid":16590,"level":20,"msg":"Plugin loaded: \u001b[35mhexo-renderer-marked\u001b[39m","time":"2016-03-18T08:31:10.226Z","v":0}
{"name":"hexo","hostname":"localhost","pid":16590,"level":20,"msg":"Plugin loaded: \u001b[35mhexo-renderer-stylus\u001b[39m","time":"2016-03-18T08:31:10.227Z","v":0}
{"name":"hexo","hostname":"localhost","pid":16590,"level":20,"msg":"Plugin loaded: \u001b[35mhexo-server\u001b[39m","time":"2016-03-18T08:31:10.299Z","v":0}
{"name":"hexo","hostname":"localhost","pid":16590,"level":20,"msg":"Script loaded: \u001b[35mthemes/next/scripts/merge-configs.js\u001b[39m","time":"2016-03-18T08:31:10.299Z","v":0}
{"name":"hexo","hostname":"localhost","pid":16590,"level":20,"msg":"Script loaded: \u001b[35mthemes/next/scripts/tags/center-quote.js\u001b[39m","time":"2016-03-18T08:31:10.300Z","v":0}
{"name":"hexo","hostname":"localhost","pid":16590,"level":20,"msg":"Script loaded: \u001b[35mthemes/next/scripts/tags/full-image.js\u001b[39m","time":"2016-03-18T08:31:10.300Z","v":0}
{"name":"hexo","hostname":"localhost","pid":16590,"level":20,"msg":"Script loaded: \u001b[35mthemes/next/scripts/tags/group-pictures.js\u001b[39m","time":"2016-03-18T08:31:10.301Z","v":0}
{"name":"hexo","hostname":"localhost","pid":16590,"level":20,"msg":"Loading database.","time":"2016-03-18T08:31:10.308Z","v":0}
{"name":"hexo","hostname":"localhost","pid":16590,"level":30,"msg":"Start processing","time":"2016-03-18T08:31:10.314Z","v":0}
{"name":"hexo","hostname":"localhost","pid":16590,"level":20,"msg":"Theme config loaded.","time":"2016-03-18T08:31:10.394Z","v":0}
{"name":"hexo","hostname":"localhost","pid":16590,"level":20,"msg":"Processed: \u001b[35m_config.yml\u001b[39m","time":"2016-03-18T08:31:10.395Z","v":0}
{"name":"hexo","hostname":"localhost","pid":16590,"level":20,"msg":"Processed: \u001b[35msource/images/cc-by-nc-nd.svg\u001b[39m","time":"2016-03-18T08:31:10.415Z","v":0}
{"name":"hexo","hostname":"localhost","pid":16590,"level":20,"msg":"Processed: \u001b[35msource/images/cc-by-nc-sa.svg\u001b[39m","time":"2016-03-18T08:31:10.415Z","v":0}
{"name":"hexo","hostname":"localhost","pid":16590,"level":20,"msg":"Processed: \u001b[35msource/images/cc-by-nc.svg\u001b[39m","time":"2016-03-18T08:31:10.416Z","v":0}
{"name":"hexo","hostname":"localhost","pid":16590,"level":20,"msg":"Processed: \u001b[35msource/images/cc-by-nd.svg\u001b[39m","time":"2016-03-18T08:31:10.416Z","v":0}
{"name":"hexo","hostname":"localhost","pid":16590,"level":20,"msg":"Processed: \u001b[35msource/images/cc-by-sa.svg\u001b[39m","time":"2016-03-18T08:31:10.417Z","v":0}
{"name":"hexo","hostname":"localhost","pid":16590,"level":20,"msg":"Processed: \u001b[35msource/images/cc-by.svg\u001b[39m","time":"2016-03-18T08:31:10.417Z","v":0}
{"name":"hexo","hostname":"localhost","pid":16590,"level":20,"msg":"Processed: \u001b[35msource/images/cc-zero.svg\u001b[39m","time":"2016-03-18T08:31:10.417Z","v":0}
{"name":"hexo","hostname":"localhost","pid":16590,"level":20,"msg":"Processed: \u001b[35msource/images/loading.gif\u001b[39m","time":"2016-03-18T08:31:10.418Z","v":0}
{"name":"hexo","hostname":"localhost","pid":16590,"level":20,"msg":"Processed: \u001b[35msource/images/placeholder.gif\u001b[39m","time":"2016-03-18T08:31:10.418Z","v":0}
{"name":"hexo","hostname":"localhost","pid":16590,"level":20,"msg":"Processed: \u001b[35msource/images/quote-l.svg\u001b[39m","time":"2016-03-18T08:31:10.418Z","v":0}
{"name":"hexo","hostname":"localhost","pid":16590,"level":20,"msg":"Processed: \u001b[35msource/images/quote-r.svg\u001b[39m","time":"2016-03-18T08:31:10.419Z","v":0}
{"name":"hexo","hostname":"localhost","pid":16590,"level":20,"msg":"Processed: \u001b[35msource/images/searchicon.png\u001b[39m","time":"2016-03-18T08:31:10.419Z","v":0}
{"name":"hexo","hostname":"localhost","pid":16590,"level":20,"msg":"Processed: \u001b[35msource/css/main.styl\u001b[39m","time":"2016-03-18T08:31:10.419Z","v":0}
{"name":"hexo","hostname":"localhost","pid":16590,"level":20,"msg":"Processed: \u001b[35mlayout/_layout.swig\u001b[39m","time":"2016-03-18T08:31:10.509Z","v":0}
{"name":"hexo","hostname":"localhost","pid":16590,"level":20,"msg":"Processed: \u001b[35mlayout/archive.swig\u001b[39m","time":"2016-03-18T08:31:10.509Z","v":0}
{"name":"hexo","hostname":"localhost","pid":16590,"level":20,"msg":"Processed: \u001b[35mlayout/category.swig\u001b[39m","time":"2016-03-18T08:31:10.510Z","v":0}
{"name":"hexo","hostname":"localhost","pid":16590,"level":20,"msg":"Processed: \u001b[35mlayout/index.swig\u001b[39m","time":"2016-03-18T08:31:10.510Z","v":0}
{"name":"hexo","hostname":"localhost","pid":16590,"level":20,"msg":"Processed: \u001b[35mlayout/page.swig\u001b[39m","time":"2016-03-18T08:31:10.510Z","v":0}
{"name":"hexo","hostname":"localhost","pid":16590,"level":20,"msg":"Processed: \u001b[35mlayout/post.swig\u001b[39m","time":"2016-03-18T08:31:10.510Z","v":0}
{"name":"hexo","hostname":"localhost","pid":16590,"level":20,"msg":"Processed: \u001b[35mlayout/tag.swig\u001b[39m","time":"2016-03-18T08:31:10.510Z","v":0}
{"name":"hexo","hostname":"localhost","pid":16590,"level":20,"msg":"Processed: \u001b[35m_posts/hello-world.md\u001b[39m","time":"2016-03-18T08:31:10.518Z","v":0}
{"name":"hexo","hostname":"localhost","pid":16590,"level":20,"msg":"Processed: \u001b[35mlanguages/de.yml\u001b[39m","time":"2016-03-18T08:31:10.518Z","v":0}
{"name":"hexo","hostname":"localhost","pid":16590,"level":20,"msg":"Processed: \u001b[35mlanguages/default.yml\u001b[39m","time":"2016-03-18T08:31:10.518Z","v":0}
{"name":"hexo","hostname":"localhost","pid":16590,"level":20,"msg":"Processed: \u001b[35mlanguages/en.yml\u001b[39m","time":"2016-03-18T08:31:10.518Z","v":0}
{"name":"hexo","hostname":"localhost","pid":16590,"level":20,"msg":"Processed: \u001b[35mlanguages/fr-FR.yml\u001b[39m","time":"2016-03-18T08:31:10.518Z","v":0}
{"name":"hexo","hostname":"localhost","pid":16590,"level":20,"msg":"Processed: \u001b[35mlanguages/ja.yml\u001b[39m","time":"2016-03-18T08:31:10.518Z","v":0}
{"name":"hexo","hostname":"localhost","pid":16590,"level":20,"msg":"Processed: \u001b[35mlanguages/pt.yml\u001b[39m","time":"2016-03-18T08:31:10.519Z","v":0}
{"name":"hexo","hostname":"localhost","pid":16590,"level":20,"msg":"Processed: \u001b[35mlanguages/ru.yml\u001b[39m","time":"2016-03-18T08:31:10.519Z","v":0}
{"name":"hexo","hostname":"localhost","pid":16590,"level":20,"msg":"Processed: \u001b[35mlanguages/zh-Hans.yml\u001b[39m","time":"2016-03-18T08:31:10.519Z","v":0}
{"name":"hexo","hostname":"localhost","pid":16590,"level":20,"msg":"Processed: \u001b[35mlanguages/zh-hk.yml\u001b[39m","time":"2016-03-18T08:31:10.519Z","v":0}
{"name":"hexo","hostname":"localhost","pid":16590,"level":20,"msg":"Processed: \u001b[35mlanguages/zh-tw.yml\u001b[39m","time":"2016-03-18T08:31:10.519Z","v":0}
{"name":"hexo","hostname":"localhost","pid":16590,"level":20,"msg":"Processed: \u001b[35msource/js/src/affix.js\u001b[39m","time":"2016-03-18T08:31:10.546Z","v":0}
{"name":"hexo","hostname":"localhost","pid":16590,"level":20,"msg":"Processed: \u001b[35msource/js/src/bootstrap.js\u001b[39m","time":"2016-03-18T08:31:10.546Z","v":0}
{"name":"hexo","hostname":"localhost","pid":16590,"level":20,"msg":"Processed: \u001b[35msource/js/src/hook-duoshuo.js\u001b[39m","time":"2016-03-18T08:31:10.547Z","v":0}
{"name":"hexo","hostname":"localhost","pid":16590,"level":20,"msg":"Processed: \u001b[35msource/js/src/motion.js\u001b[39m","time":"2016-03-18T08:31:10.547Z","v":0}
{"name":"hexo","hostname":"localhost","pid":16590,"level":20,"msg":"Processed: \u001b[35msource/js/src/scrollspy.js\u001b[39m","time":"2016-03-18T08:31:10.547Z","v":0}
{"name":"hexo","hostname":"localhost","pid":16590,"level":20,"msg":"Processed: \u001b[35msource/js/src/utils.js\u001b[39m","time":"2016-03-18T08:31:10.547Z","v":0}
{"name":"hexo","hostname":"localhost","pid":16590,"level":20,"msg":"Processed: \u001b[35msource/vendors/fastclick/LICENSE\u001b[39m","time":"2016-03-18T08:31:10.548Z","v":0}
{"name":"hexo","hostname":"localhost","pid":16590,"level":20,"msg":"Processed: \u001b[35msource/vendors/fastclick/bower.json\u001b[39m","time":"2016-03-18T08:31:10.548Z","v":0}
{"name":"hexo","hostname":"localhost","pid":16590,"level":20,"msg":"Processed: \u001b[35msource/vendors/fastclick/README.md\u001b[39m","time":"2016-03-18T08:31:10.548Z","v":0}
{"name":"hexo","hostname":"localhost","pid":16590,"level":20,"msg":"Processed: \u001b[35msource/vendors/font-awesome/HELP-US-OUT.txt\u001b[39m","time":"2016-03-18T08:31:10.550Z","v":0}
{"name":"hexo","hostname":"localhost","pid":16590,"level":20,"msg":"Processed: \u001b[35msource/vendors/font-awesome/bower.json\u001b[39m","time":"2016-03-18T08:31:10.550Z","v":0}
{"name":"hexo","hostname":"localhost","pid":16590,"level":20,"msg":"Processed: \u001b[35msource/vendors/jquery_lazyload/CONTRIBUTING.md\u001b[39m","time":"2016-03-18T08:31:10.550Z","v":0}
{"name":"hexo","hostname":"localhost","pid":16590,"level":20,"msg":"Processed: \u001b[35msource/vendors/jquery_lazyload/README.md\u001b[39m","time":"2016-03-18T08:31:10.550Z","v":0}
{"name":"hexo","hostname":"localhost","pid":16590,"level":20,"msg":"Processed: \u001b[35msource/vendors/jquery_lazyload/bower.json\u001b[39m","time":"2016-03-18T08:31:10.551Z","v":0}
{"name":"hexo","hostname":"localhost","pid":16590,"level":20,"msg":"Processed: \u001b[35msource/vendors/jquery_lazyload/jquery.lazyload.js\u001b[39m","time":"2016-03-18T08:31:10.551Z","v":0}
{"name":"hexo","hostname":"localhost","pid":16590,"level":20,"msg":"Processed: \u001b[35msource/vendors/jquery_lazyload/jquery.scrollstop.js\u001b[39m","time":"2016-03-18T08:31:10.551Z","v":0}
{"name":"hexo","hostname":"localhost","pid":16590,"level":20,"msg":"Processed: \u001b[35msource/vendors/velocity/bower.json\u001b[39m","time":"2016-03-18T08:31:10.551Z","v":0}
{"name":"hexo","hostname":"localhost","pid":16590,"level":20,"msg":"Processed: \u001b[35msource/vendors/velocity/velocity.min.js\u001b[39m","time":"2016-03-18T08:31:10.551Z","v":0}
{"name":"hexo","hostname":"localhost","pid":16590,"level":20,"msg":"Processed: \u001b[35msource/vendors/velocity/velocity.ui.min.js\u001b[39m","time":"2016-03-18T08:31:10.553Z","v":0}
{"name":"hexo","hostname":"localhost","pid":16590,"level":20,"msg":"Processed: \u001b[35msource/vendors/velocity/velocity.ui.js\u001b[39m","time":"2016-03-18T08:31:10.553Z","v":0}
{"name":"hexo","hostname":"localhost","pid":16590,"level":20,"msg":"Processed: \u001b[35mlayout/_macro/post-collapse.swig\u001b[39m","time":"2016-03-18T08:31:10.588Z","v":0}
{"name":"hexo","hostname":"localhost","pid":16590,"level":20,"msg":"Processed: \u001b[35mlayout/_macro/post.swig\u001b[39m","time":"2016-03-18T08:31:10.588Z","v":0}
{"name":"hexo","hostname":"localhost","pid":16590,"level":20,"msg":"Processed: \u001b[35mlayout/_macro/reward.swig\u001b[39m","time":"2016-03-18T08:31:10.588Z","v":0}
{"name":"hexo","hostname":"localhost","pid":16590,"level":20,"msg":"Processed: \u001b[35mlayout/_macro/sidebar.swig\u001b[39m","time":"2016-03-18T08:31:10.588Z","v":0}
{"name":"hexo","hostname":"localhost","pid":16590,"level":20,"msg":"Processed: \u001b[35mlayout/_partials/comments.swig\u001b[39m","time":"2016-03-18T08:31:10.589Z","v":0}
{"name":"hexo","hostname":"localhost","pid":16590,"level":20,"msg":"Processed: \u001b[35mlayout/_partials/duoshuo-hot-articles.swig\u001b[39m","time":"2016-03-18T08:31:10.589Z","v":0}
{"name":"hexo","hostname":"localhost","pid":16590,"level":20,"msg":"Processed: \u001b[35mlayout/_partials/footer.swig\u001b[39m","time":"2016-03-18T08:31:10.589Z","v":0}
{"name":"hexo","hostname":"localhost","pid":16590,"level":20,"msg":"Processed: \u001b[35mlayout/_partials/header.swig\u001b[39m","time":"2016-03-18T08:31:10.589Z","v":0}
{"name":"hexo","hostname":"localhost","pid":16590,"level":20,"msg":"Processed: \u001b[35mlayout/_partials/head.swig\u001b[39m","time":"2016-03-18T08:31:10.589Z","v":0}
{"name":"hexo","hostname":"localhost","pid":16590,"level":20,"msg":"Processed: \u001b[35mlayout/_partials/pagination.swig\u001b[39m","time":"2016-03-18T08:31:10.589Z","v":0}
{"name":"hexo","hostname":"localhost","pid":16590,"level":20,"msg":"Processed: \u001b[35mlayout/_partials/search.swig\u001b[39m","time":"2016-03-18T08:31:10.589Z","v":0}
{"name":"hexo","hostname":"localhost","pid":16590,"level":20,"msg":"Processed: \u001b[35mlayout/_scripts/boostrap.swig\u001b[39m","time":"2016-03-18T08:31:10.589Z","v":0}
{"name":"hexo","hostname":"localhost","pid":16590,"level":20,"msg":"Processed: \u001b[35mlayout/_scripts/commons.swig\u001b[39m","time":"2016-03-18T08:31:10.589Z","v":0}
{"name":"hexo","hostname":"localhost","pid":16590,"level":20,"msg":"Processed: \u001b[35mlayout/_scripts/vendors.swig\u001b[39m","time":"2016-03-18T08:31:10.589Z","v":0}
{"name":"hexo","hostname":"localhost","pid":16590,"level":20,"msg":"Processed: \u001b[35msource/vendors/jquery/index.js\u001b[39m","time":"2016-03-18T08:31:10.589Z","v":0}
{"name":"hexo","hostname":"localhost","pid":16590,"level":20,"msg":"Processed: \u001b[35mlayout/_scripts/schemes/muse.swig\u001b[39m","time":"2016-03-18T08:31:10.595Z","v":0}
{"name":"hexo","hostname":"localhost","pid":16590,"level":20,"msg":"Processed: \u001b[35mlayout/_scripts/schemes/mist.swig\u001b[39m","time":"2016-03-18T08:31:10.595Z","v":0}
{"name":"hexo","hostname":"localhost","pid":16590,"level":20,"msg":"Processed: \u001b[35msource/js/src/schemes/pisces.js\u001b[39m","time":"2016-03-18T08:31:10.597Z","v":0}
{"name":"hexo","hostname":"localhost","pid":16590,"level":20,"msg":"Processed: \u001b[35msource/vendors/fancybox/source/blank.gif\u001b[39m","time":"2016-03-18T08:31:10.597Z","v":0}
{"name":"hexo","hostname":"localhost","pid":16590,"level":20,"msg":"Processed: \u001b[35msource/vendors/fancybox/source/fancybox_loading.gif\u001b[39m","time":"2016-03-18T08:31:10.597Z","v":0}
{"name":"hexo","hostname":"localhost","pid":16590,"level":20,"msg":"Processed: \u001b[35msource/vendors/fancybox/source/fancybox_loading@2x.gif\u001b[39m","time":"2016-03-18T08:31:10.598Z","v":0}
{"name":"hexo","hostname":"localhost","pid":16590,"level":20,"msg":"Processed: \u001b[35msource/vendors/fancybox/source/fancybox_overlay.png\u001b[39m","time":"2016-03-18T08:31:10.598Z","v":0}
{"name":"hexo","hostname":"localhost","pid":16590,"level":20,"msg":"Processed: \u001b[35msource/vendors/fancybox/source/fancybox_sprite.png\u001b[39m","time":"2016-03-18T08:31:10.598Z","v":0}
{"name":"hexo","hostname":"localhost","pid":16590,"level":20,"msg":"Processed: \u001b[35msource/vendors/fancybox/source/fancybox_sprite@2x.png\u001b[39m","time":"2016-03-18T08:31:10.598Z","v":0}
{"name":"hexo","hostname":"localhost","pid":16590,"level":20,"msg":"Processed: \u001b[35msource/vendors/fancybox/source/jquery.fancybox.css\u001b[39m","time":"2016-03-18T08:31:10.598Z","v":0}
{"name":"hexo","hostname":"localhost","pid":16590,"level":20,"msg":"Processed: \u001b[35msource/vendors/fancybox/source/jquery.fancybox.pack.js\u001b[39m","time":"2016-03-18T08:31:10.598Z","v":0}
{"name":"hexo","hostname":"localhost","pid":16590,"level":20,"msg":"Processed: \u001b[35msource/vendors/fancybox/source/jquery.fancybox.js\u001b[39m","time":"2016-03-18T08:31:10.599Z","v":0}
{"name":"hexo","hostname":"localhost","pid":16590,"level":20,"msg":"Processed: \u001b[35msource/vendors/fastclick/lib/fastclick.js\u001b[39m","time":"2016-03-18T08:31:10.599Z","v":0}
{"name":"hexo","hostname":"localhost","pid":16590,"level":20,"msg":"Processed: \u001b[35msource/vendors/fastclick/lib/fastclick.min.js\u001b[39m","time":"2016-03-18T08:31:10.599Z","v":0}
{"name":"hexo","hostname":"localhost","pid":16590,"level":20,"msg":"Processed: \u001b[35msource/vendors/font-awesome/fonts/fontawesome-webfont.woff2\u001b[39m","time":"2016-03-18T08:31:10.599Z","v":0}
{"name":"hexo","hostname":"localhost","pid":16590,"level":20,"msg":"Processed: \u001b[35msource/vendors/font-awesome/css/font-awesome.css\u001b[39m","time":"2016-03-18T08:31:10.599Z","v":0}
{"name":"hexo","hostname":"localhost","pid":16590,"level":20,"msg":"Processed: \u001b[35msource/vendors/font-awesome/css/font-awesome.css.map\u001b[39m","time":"2016-03-18T08:31:10.600Z","v":0}
{"name":"hexo","hostname":"localhost","pid":16590,"level":20,"msg":"Processed: \u001b[35msource/vendors/font-awesome/css/font-awesome.min.css\u001b[39m","time":"2016-03-18T08:31:10.600Z","v":0}
{"name":"hexo","hostname":"localhost","pid":16590,"level":20,"msg":"Processed: \u001b[35msource/vendors/ua-parser-js/dist/ua-parser.min.js\u001b[39m","time":"2016-03-18T08:31:10.600Z","v":0}
{"name":"hexo","hostname":"localhost","pid":16590,"level":20,"msg":"Processed: \u001b[35msource/vendors/ua-parser-js/dist/ua-parser.pack.js\u001b[39m","time":"2016-03-18T08:31:10.600Z","v":0}
{"name":"hexo","hostname":"localhost","pid":16590,"level":20,"msg":"Processed: \u001b[35mlayout/_partials/search/swiftype.swig\u001b[39m","time":"2016-03-18T08:31:10.607Z","v":0}
{"name":"hexo","hostname":"localhost","pid":16590,"level":20,"msg":"Processed: \u001b[35mlayout/_partials/search/localsearch.swig\u001b[39m","time":"2016-03-18T08:31:10.607Z","v":0}
{"name":"hexo","hostname":"localhost","pid":16590,"level":20,"msg":"Processed: \u001b[35mlayout/_partials/search/tinysou.swig\u001b[39m","time":"2016-03-18T08:31:10.607Z","v":0}
{"name":"hexo","hostname":"localhost","pid":16590,"level":20,"msg":"Processed: \u001b[35mlayout/_partials/share/add-this.swig\u001b[39m","time":"2016-03-18T08:31:10.607Z","v":0}
{"name":"hexo","hostname":"localhost","pid":16590,"level":20,"msg":"Processed: \u001b[35mlayout/_partials/share/baidushare.swig\u001b[39m","time":"2016-03-18T08:31:10.607Z","v":0}
{"name":"hexo","hostname":"localhost","pid":16590,"level":20,"msg":"Processed: \u001b[35mlayout/_partials/share/jiathis.swig\u001b[39m","time":"2016-03-18T08:31:10.607Z","v":0}
{"name":"hexo","hostname":"localhost","pid":16590,"level":20,"msg":"Processed: \u001b[35mlayout/_partials/share/duoshuo_share.swig\u001b[39m","time":"2016-03-18T08:31:10.607Z","v":0}
{"name":"hexo","hostname":"localhost","pid":16590,"level":20,"msg":"Processed: \u001b[35mlayout/_scripts/pages/post-details.swig\u001b[39m","time":"2016-03-18T08:31:10.607Z","v":0}
{"name":"hexo","hostname":"localhost","pid":16590,"level":20,"msg":"Processed: \u001b[35mlayout/_scripts/schemes/pisces.swig\u001b[39m","time":"2016-03-18T08:31:10.607Z","v":0}
{"name":"hexo","hostname":"localhost","pid":16590,"level":20,"msg":"Processed: \u001b[35mlayout/_scripts/third-party/analytics.swig\u001b[39m","time":"2016-03-18T08:31:10.607Z","v":0}
{"name":"hexo","hostname":"localhost","pid":16590,"level":20,"msg":"Processed: \u001b[35mlayout/_scripts/third-party/comments.swig\u001b[39m","time":"2016-03-18T08:31:10.607Z","v":0}
{"name":"hexo","hostname":"localhost","pid":16590,"level":20,"msg":"Processed: \u001b[35mlayout/_scripts/third-party/lean-analytics.swig\u001b[39m","time":"2016-03-18T08:31:10.607Z","v":0}
{"name":"hexo","hostname":"localhost","pid":16590,"level":20,"msg":"Processed: \u001b[35mlayout/_scripts/third-party/localsearch.swig\u001b[39m","time":"2016-03-18T08:31:10.607Z","v":0}
{"name":"hexo","hostname":"localhost","pid":16590,"level":20,"msg":"Processed: \u001b[35mlayout/_scripts/third-party/mathjax.swig\u001b[39m","time":"2016-03-18T08:31:10.608Z","v":0}
{"name":"hexo","hostname":"localhost","pid":16590,"level":20,"msg":"Processed: \u001b[35mlayout/_scripts/third-party/tinysou.swig\u001b[39m","time":"2016-03-18T08:31:10.608Z","v":0}
{"name":"hexo","hostname":"localhost","pid":16590,"level":20,"msg":"Processed: \u001b[35msource/vendors/font-awesome/fonts/FontAwesome.otf\u001b[39m","time":"2016-03-18T08:31:10.608Z","v":0}
{"name":"hexo","hostname":"localhost","pid":16590,"level":20,"msg":"Processed: \u001b[35msource/vendors/font-awesome/fonts/fontawesome-webfont.eot\u001b[39m","time":"2016-03-18T08:31:10.608Z","v":0}
{"name":"hexo","hostname":"localhost","pid":16590,"level":20,"msg":"Processed: \u001b[35msource/vendors/font-awesome/fonts/fontawesome-webfont.woff\u001b[39m","time":"2016-03-18T08:31:10.609Z","v":0}
{"name":"hexo","hostname":"localhost","pid":16590,"level":20,"msg":"Processed: \u001b[35msource/vendors/velocity/velocity.js\u001b[39m","time":"2016-03-18T08:31:10.609Z","v":0}
{"name":"hexo","hostname":"localhost","pid":16590,"level":20,"msg":"Processed: \u001b[35msource/vendors/fancybox/source/helpers/fancybox_buttons.png\u001b[39m","time":"2016-03-18T08:31:10.614Z","v":0}
{"name":"hexo","hostname":"localhost","pid":16590,"level":20,"msg":"Processed: \u001b[35msource/vendors/fancybox/source/helpers/jquery.fancybox-buttons.css\u001b[39m","time":"2016-03-18T08:31:10.614Z","v":0}
{"name":"hexo","hostname":"localhost","pid":16590,"level":20,"msg":"Processed: \u001b[35msource/vendors/fancybox/source/helpers/jquery.fancybox-buttons.js\u001b[39m","time":"2016-03-18T08:31:10.614Z","v":0}
{"name":"hexo","hostname":"localhost","pid":16590,"level":20,"msg":"Processed: \u001b[35msource/vendors/fancybox/source/helpers/jquery.fancybox-media.js\u001b[39m","time":"2016-03-18T08:31:10.614Z","v":0}
{"name":"hexo","hostname":"localhost","pid":16590,"level":20,"msg":"Processed: \u001b[35msource/vendors/fancybox/source/helpers/jquery.fancybox-thumbs.js\u001b[39m","time":"2016-03-18T08:31:10.615Z","v":0}
{"name":"hexo","hostname":"localhost","pid":16590,"level":20,"msg":"Processed: \u001b[35msource/vendors/fancybox/source/helpers/jquery.fancybox-thumbs.css\u001b[39m","time":"2016-03-18T08:31:10.615Z","v":0}
{"name":"hexo","hostname":"localhost","pid":16590,"level":20,"msg":"Processed: \u001b[35msource/vendors/font-awesome/fonts/fontawesome-webfont.ttf\u001b[39m","time":"2016-03-18T08:31:10.615Z","v":0}
{"name":"hexo","hostname":"localhost","pid":16590,"level":20,"msg":"Processed: \u001b[35mlayout/_scripts/third-party/analytics/baidu-analytics.swig\u001b[39m","time":"2016-03-18T08:31:10.619Z","v":0}
{"name":"hexo","hostname":"localhost","pid":16590,"level":20,"msg":"Processed: \u001b[35mlayout/_scripts/third-party/analytics/cnzz-analytics.swig\u001b[39m","time":"2016-03-18T08:31:10.619Z","v":0}
{"name":"hexo","hostname":"localhost","pid":16590,"level":20,"msg":"Processed: \u001b[35mlayout/_scripts/third-party/analytics/facebook-sdk.swig\u001b[39m","time":"2016-03-18T08:31:10.619Z","v":0}
{"name":"hexo","hostname":"localhost","pid":16590,"level":20,"msg":"Processed: \u001b[35mlayout/_scripts/third-party/analytics/google-analytics.swig\u001b[39m","time":"2016-03-18T08:31:10.619Z","v":0}
{"name":"hexo","hostname":"localhost","pid":16590,"level":20,"msg":"Processed: \u001b[35mlayout/_scripts/third-party/analytics/tencent-analytics.swig\u001b[39m","time":"2016-03-18T08:31:10.619Z","v":0}
{"name":"hexo","hostname":"localhost","pid":16590,"level":20,"msg":"Processed: \u001b[35mlayout/_scripts/third-party/comments/disqus.swig\u001b[39m","time":"2016-03-18T08:31:10.619Z","v":0}
{"name":"hexo","hostname":"localhost","pid":16590,"level":20,"msg":"Processed: \u001b[35mlayout/_scripts/third-party/comments/duoshuo.swig\u001b[39m","time":"2016-03-18T08:31:10.620Z","v":0}
{"name":"hexo","hostname":"localhost","pid":16590,"level":20,"msg":"Processed: \u001b[35msource/vendors/font-awesome/fonts/fontawesome-webfont.svg\u001b[39m","time":"2016-03-18T08:31:10.620Z","v":0}
{"name":"hexo","hostname":"localhost","pid":16590,"level":20,"msg":"Generator: \u001b[35mpage\u001b[39m","time":"2016-03-18T08:31:10.758Z","v":0}
{"name":"hexo","hostname":"localhost","pid":16590,"level":20,"msg":"Generator: \u001b[35mpost\u001b[39m","time":"2016-03-18T08:31:10.759Z","v":0}
{"name":"hexo","hostname":"localhost","pid":16590,"level":20,"msg":"Generator: \u001b[35marchive\u001b[39m","time":"2016-03-18T08:31:10.759Z","v":0}
{"name":"hexo","hostname":"localhost","pid":16590,"level":20,"msg":"Generator: \u001b[35mcategory\u001b[39m","time":"2016-03-18T08:31:10.759Z","v":0}
{"name":"hexo","hostname":"localhost","pid":16590,"level":20,"msg":"Generator: \u001b[35mindex\u001b[39m","time":"2016-03-18T08:31:10.759Z","v":0}
{"name":"hexo","hostname":"localhost","pid":16590,"level":20,"msg":"Generator: \u001b[35mtag\u001b[39m","time":"2016-03-18T08:31:10.759Z","v":0}
{"name":"hexo","hostname":"localhost","pid":16590,"level":20,"msg":"Generator: \u001b[35masset\u001b[39m","time":"2016-03-18T08:31:10.760Z","v":0}
{"name":"hexo","hostname":"localhost","pid":16590,"level":30,"msg":"Hexo is running at \u001b[4mhttp://0.0.0.0:4000/\u001b[24m. Press Ctrl+C to stop.","time":"2016-03-18T08:31:10.764Z","v":0}
{"name":"hexo","hostname":"localhost","pid":16590,"level":20,"msg":"Database saved","time":"2016-03-18T08:31:10.777Z","v":0}
{"name":"hexo","hostname":"localhost","pid":16590,"level":20,"msg":"Rendering index: \u001b[35mindex.html\u001b[39m","time":"2016-03-18T08:31:24.907Z","v":0}
{"name":"hexo","hostname":"localhost","pid":16590,"level":20,"msg":"Generator: \u001b[35mpage\u001b[39m","time":"2016-03-18T08:32:17.309Z","v":0}
{"name":"hexo","hostname":"localhost","pid":16590,"level":20,"msg":"Generator: \u001b[35mpost\u001b[39m","time":"2016-03-18T08:32:17.309Z","v":0}
{"name":"hexo","hostname":"localhost","pid":16590,"level":20,"msg":"Generator: \u001b[35marchive\u001b[39m","time":"2016-03-18T08:32:17.309Z","v":0}
{"name":"hexo","hostname":"localhost","pid":16590,"level":20,"msg":"Generator: \u001b[35mcategory\u001b[39m","time":"2016-03-18T08:32:17.309Z","v":0}
{"name":"hexo","hostname":"localhost","pid":16590,"level":20,"msg":"Generator: \u001b[35mindex\u001b[39m","time":"2016-03-18T08:32:17.309Z","v":0}
{"name":"hexo","hostname":"localhost","pid":16590,"level":20,"msg":"Generator: \u001b[35mtag\u001b[39m","time":"2016-03-18T08:32:17.309Z","v":0}
{"name":"hexo","hostname":"localhost","pid":16590,"level":20,"msg":"Generator: \u001b[35masset\u001b[39m","time":"2016-03-18T08:32:17.310Z","v":0}
{"name":"hexo","hostname":"localhost","pid":16590,"level":20,"msg":"Generator: \u001b[35mpage\u001b[39m","time":"2016-03-18T08:32:47.675Z","v":0}
{"name":"hexo","hostname":"localhost","pid":16590,"level":20,"msg":"Generator: \u001b[35mpost\u001b[39m","time":"2016-03-18T08:32:47.675Z","v":0}
{"name":"hexo","hostname":"localhost","pid":16590,"level":20,"msg":"Generator: \u001b[35marchive\u001b[39m","time":"2016-03-18T08:32:47.675Z","v":0}
{"name":"hexo","hostname":"localhost","pid":16590,"level":20,"msg":"Generator: \u001b[35mcategory\u001b[39m","time":"2016-03-18T08:32:47.675Z","v":0}
{"name":"hexo","hostname":"localhost","pid":16590,"level":20,"msg":"Generator: \u001b[35mindex\u001b[39m","time":"2016-03-18T08:32:47.675Z","v":0}
{"name":"hexo","hostname":"localhost","pid":16590,"level":20,"msg":"Generator: \u001b[35mtag\u001b[39m","time":"2016-03-18T08:32:47.676Z","v":0}
{"name":"hexo","hostname":"localhost","pid":16590,"level":20,"msg":"Generator: \u001b[35masset\u001b[39m","time":"2016-03-18T08:32:47.677Z","v":0}
{"name":"hexo","hostname":"localhost","pid":16590,"level":20,"msg":"Generator: \u001b[35mpage\u001b[39m","time":"2016-03-18T08:32:51.863Z","v":0}
{"name":"hexo","hostname":"localhost","pid":16590,"level":20,"msg":"Generator: \u001b[35mpost\u001b[39m","time":"2016-03-18T08:32:51.864Z","v":0}
{"name":"hexo","hostname":"localhost","pid":16590,"level":20,"msg":"Generator: \u001b[35marchive\u001b[39m","time":"2016-03-18T08:32:51.864Z","v":0}
{"name":"hexo","hostname":"localhost","pid":16590,"level":20,"msg":"Generator: \u001b[35mcategory\u001b[39m","time":"2016-03-18T08:32:51.864Z","v":0}
{"name":"hexo","hostname":"localhost","pid":16590,"level":20,"msg":"Generator: \u001b[35mindex\u001b[39m","time":"2016-03-18T08:32:51.864Z","v":0}
{"name":"hexo","hostname":"localhost","pid":16590,"level":20,"msg":"Generator: \u001b[35mtag\u001b[39m","time":"2016-03-18T08:32:51.865Z","v":0}
{"name":"hexo","hostname":"localhost","pid":16590,"level":20,"msg":"Generator: \u001b[35masset\u001b[39m","time":"2016-03-18T08:32:51.866Z","v":0}
{"name":"hexo","hostname":"localhost","pid":16590,"level":20,"msg":"Generator: \u001b[35mpage\u001b[39m","time":"2016-03-18T08:33:20.735Z","v":0}
{"name":"hexo","hostname":"localhost","pid":16590,"level":20,"msg":"Generator: \u001b[35mpost\u001b[39m","time":"2016-03-18T08:33:20.736Z","v":0}
{"name":"hexo","hostname":"localhost","pid":16590,"level":20,"msg":"Generator: \u001b[35marchive\u001b[39m","time":"2016-03-18T08:33:20.736Z","v":0}
{"name":"hexo","hostname":"localhost","pid":16590,"level":20,"msg":"Generator: \u001b[35mcategory\u001b[39m","time":"2016-03-18T08:33:20.736Z","v":0}
{"name":"hexo","hostname":"localhost","pid":16590,"level":20,"msg":"Generator: \u001b[35mindex\u001b[39m","time":"2016-03-18T08:33:20.736Z","v":0}
{"name":"hexo","hostname":"localhost","pid":16590,"level":20,"msg":"Generator: \u001b[35mtag\u001b[39m","time":"2016-03-18T08:33:20.736Z","v":0}
{"name":"hexo","hostname":"localhost","pid":16590,"level":20,"msg":"Generator: \u001b[35masset\u001b[39m","time":"2016-03-18T08:33:20.737Z","v":0}
{"name":"hexo","hostname":"localhost","pid":16590,"level":30,"msg":"Catch you later","time":"2016-03-18T08:34:10.450Z","v":0}
{"name":"hexo","hostname":"localhost","pid":16590,"level":20,"msg":"Database saved","time":"2016-03-18T08:34:10.466Z","v":0}
